Buildfile: /home/fernando/L2J_Mobius/L2J_Mobius_C4_ScionsOfDestiny/build.xml

checkRequirements:

init:
   [delete] Deleting directory /home/fernando/L2J_Mobius/build/bin
    [mkdir] Created dir: /home/fernando/L2J_Mobius/build/bin

compile:
    [javac] Compiling 1553 source files to /home/fernando/L2J_Mobius/build/bin
    [javac] /home/fernando/L2J_Mobius/L2J_Mobius_C4_ScionsOfDestiny/java/org/l2jmobius/commons/ui/SplashScreen.java:49: warning: [this-escape] possible 'this' escape before subclass is fully initialized
    [javac] 		setBackground(new Color(0, 255, 0, 0)); // Transparency.
    [javac] 		             ^
    [javac] /home/fernando/L2J_Mobius/L2J_Mobius_C4_ScionsOfDestiny/java/org/l2jmobius/commons/util/Subnet.java:30: warning: [overrides] Class Subnet overrides equals, but neither it nor any superclass overrides hashCode method
    [javac] public class Subnet
    [javac]        ^
    [javac] /home/fernando/L2J_Mobius/L2J_Mobius_C4_ScionsOfDestiny/java/org/l2jmobius/gameserver/GameServer.java:421: warning: [this-escape] possible 'this' escape before subclass is fully initialized
    [javac] 		LOGGER.info(getClass().getSimpleName() + ": Started, using " + getUsedMemoryMB() + " of " + totalMem + " MB total memory.");
    [javac] 		                                                                              ^
    [javac] /home/fernando/L2J_Mobius/L2J_Mobius_C4_ScionsOfDestiny/java/org/l2jmobius/gameserver/network/GameClient.java:69: warning: [this-escape] possible 'this' escape before subclass is fully initialized
    [javac] 	private final FloodProtectors _floodProtectors = new FloodProtectors(this);
    [javac] 	                                                                     ^
    [javac] /home/fernando/L2J_Mobius/L2J_Mobius_C4_ScionsOfDestiny/java/org/l2jmobius/gameserver/model/actor/Creature.java:1293: warning: [lossy-conversions] implicit cast from double to int in compound assignment is possibly lossy
    [javac] 				damage1 *= (calculateDistance3D(target) / 4000) + 0.8;
    [javac] 				                                                ^
    [javac] /home/fernando/L2J_Mobius/L2J_Mobius_C4_ScionsOfDestiny/java/org/l2jmobius/gameserver/model/actor/Creature.java:1854: warning: [lossy-conversions] implicit cast from float to int in compound assignment is possibly lossy
    [javac] 			reuseDelay *= 333f / getMAtkSpd(); // Interlude adjustment.
    [javac] 			                   ^
    [javac] /home/fernando/L2J_Mobius/L2J_Mobius_C4_ScionsOfDestiny/java/org/l2jmobius/gameserver/model/actor/Creature.java:1859: warning: [lossy-conversions] implicit cast from double to int in compound assignment is possibly lossy
    [javac] 			reuseDelay *= 333f / getPAtkSpd(); // Interlude adjustment.
    [javac] 			                   ^
    [javac] /home/fernando/L2J_Mobius/L2J_Mobius_C4_ScionsOfDestiny/java/org/l2jmobius/gameserver/model/actor/Creature.java:1864: warning: [lossy-conversions] implicit cast from double to int in compound assignment is possibly lossy
    [javac] 			reuseDelay *= 333f / getPAtkSpd(); // Interlude adjustment.
    [javac] 			                   ^
    [javac] /home/fernando/L2J_Mobius/L2J_Mobius_C4_ScionsOfDestiny/java/org/l2jmobius/gameserver/model/actor/Creature.java:4529: warning: [lossy-conversions] implicit cast from double to int in compound assignment is possibly lossy
    [javac] 			offset -= Math.abs(dz);
    [javac] 			                  ^
    [javac] /home/fernando/L2J_Mobius/L2J_Mobius_C4_ScionsOfDestiny/java/org/l2jmobius/gameserver/model/actor/Player.java:737: warning: [rawtypes] found raw type: LinkedList
    [javac] 	private final LinkedList<String>[] _htmlActionCaches = new LinkedList[HtmlActionScope.values().length];
    [javac] 	                                                           ^
    [javac]   missing type arguments for generic class LinkedList<E>
    [javac]   where E is a type-variable:
    [javac]     E extends Object declared in class LinkedList
    [javac] /home/fernando/L2J_Mobius/L2J_Mobius_C4_ScionsOfDestiny/java/org/l2jmobius/gameserver/model/actor/Player.java:4985: warning: [cast] redundant cast to int
    [javac] 			setKarma(getKarma() < 200 ? 0 : (int) (getKarma() - (getKarma() / 4)));
    [javac] 			                                ^
    [javac] /home/fernando/L2J_Mobius/L2J_Mobius_C4_ScionsOfDestiny/java/org/l2jmobius/gameserver/model/actor/Playable.java:63: warning: [this-escape] possible 'this' escape before subclass is fully initialized
    [javac] 		setInstanceType(InstanceType.Playable);
    [javac] 		               ^
    [javac] /home/fernando/L2J_Mobius/L2J_Mobius_C4_ScionsOfDestiny/java/org/l2jmobius/gameserver/model/actor/Playable.java:70: warning: [this-escape] possible 'this' escape before subclass is fully initialized
    [javac] 		setInstanceType(InstanceType.Playable);
    [javac] 		               ^
    [javac] /home/fernando/L2J_Mobius/L2J_Mobius_C4_ScionsOfDestiny/java/org/l2jmobius/gameserver/model/actor/Creature.java:1172: warning: [fallthrough] possible fall-through into case
    [javac] 				case DUAL:
    [javac] 				^
    [javac] /home/fernando/L2J_Mobius/L2J_Mobius_C4_ScionsOfDestiny/java/org/l2jmobius/gameserver/model/actor/Creature.java:1672: warning: [fallthrough] possible fall-through into case
    [javac] 			default:
    [javac] 			^
    [javac] /home/fernando/L2J_Mobius/L2J_Mobius_C4_ScionsOfDestiny/java/org/l2jmobius/gameserver/model/actor/Creature.java:240: warning: [this-escape] possible 'this' escape before subclass is fully initialized
    [javac] 	protected final Location _lastZoneValidateLocation = new Location(getX(), getY(), getZ());
    [javac] 	                                                                      ^
    [javac] /home/fernando/L2J_Mobius/L2J_Mobius_C4_ScionsOfDestiny/java/org/l2jmobius/gameserver/model/actor/Creature.java:250: warning: [this-escape] possible 'this' escape before subclass is fully initialized
    [javac] 	private final EffectList _effectList = new EffectList(this);
    [javac] 	                                                      ^
    [javac] /home/fernando/L2J_Mobius/L2J_Mobius_C4_ScionsOfDestiny/java/org/l2jmobius/gameserver/model/actor/Creature.java:341: warning: [this-escape] possible 'this' escape before subclass is fully initialized
    [javac] 		setInstanceType(InstanceType.Creature);
    [javac] 		               ^
    [javac] /home/fernando/L2J_Mobius/L2J_Mobius_C4_ScionsOfDestiny/java/org/l2jmobius/gameserver/model/WorldObject.java:76: warning: [this-escape] possible 'this' escape before subclass is fully initialized
    [javac] 		setInstanceType(InstanceType.WorldObject);
    [javac] 		               ^
    [javac] /home/fernando/L2J_Mobius/L2J_Mobius_C4_ScionsOfDestiny/java/org/l2jmobius/gameserver/network/holders/ClientHardwareInfoHolder.java:29: warning: [overrides] Class ClientHardwareInfoHolder overrides equals, but neither it nor any superclass overrides hashCode method
    [javac] public class ClientHardwareInfoHolder
    [javac]        ^
    [javac] /home/fernando/L2J_Mobius/L2J_Mobius_C4_ScionsOfDestiny/java/org/l2jmobius/gameserver/network/holders/CharacterInfoHolder.java:72: warning: [this-escape] possible 'this' escape before subclass is fully initialized
    [javac] 		setObjectId(objectId);
    [javac] 		           ^
    [javac] /home/fernando/L2J_Mobius/L2J_Mobius_C4_ScionsOfDestiny/java/org/l2jmobius/gameserver/network/serverpackets/SystemMessage.java:136: warning: [this-escape] possible 'this' escape before subclass is fully initialized
    [javac] 		addString(text);
    [javac] 		         ^
    [javac] /home/fernando/L2J_Mobius/L2J_Mobius_C4_ScionsOfDestiny/java/org/l2jmobius/gameserver/model/actor/Npc.java:155: warning: [this-escape] possible 'this' escape before subclass is fully initialized
    [javac] 	private boolean _isTalkable = getTemplate().isTalkable();
    [javac] 	                                         ^
    [javac] /home/fernando/L2J_Mobius/L2J_Mobius_C4_ScionsOfDestiny/java/org/l2jmobius/gameserver/model/actor/Npc.java:156: warning: [this-escape] possible 'this' escape before subclass is fully initialized
    [javac] 	private final boolean _isQuestMonster = getTemplate().isQuestMonster();
    [javac] 	                                                   ^
    [javac] /home/fernando/L2J_Mobius/L2J_Mobius_C4_ScionsOfDestiny/java/org/l2jmobius/gameserver/model/actor/Npc.java:157: warning: [this-escape] possible 'this' escape before subclass is fully initialized
    [javac] 	private final boolean _isFakePlayer = getTemplate().isFakePlayer();
    [javac] 	                                                 ^
    [javac] /home/fernando/L2J_Mobius/L2J_Mobius_C4_ScionsOfDestiny/java/org/l2jmobius/gameserver/model/actor/Npc.java:188: warning: [this-escape] possible 'this' escape before subclass is fully initialized
    [javac] 		setInstanceType(InstanceType.Npc);
    [javac] 		               ^
    [javac] /home/fernando/L2J_Mobius/L2J_Mobius_C4_ScionsOfDestiny/java/org/l2jmobius/gameserver/model/actor/Summon.java:107: warning: [this-escape] possible 'this' escape before subclass is fully initialized
    [javac] 		setInstanceType(InstanceType.Summon);
    [javac] 		               ^
    [javac] /home/fernando/L2J_Mobius/L2J_Mobius_C4_ScionsOfDestiny/java/org/l2jmobius/gameserver/model/actor/templates/NpcTemplate.java:212: warning: [lossy-conversions] implicit cast from double to float in compound assignment is possibly lossy
    [javac] 					_baseHpMax *= NpcStatMultipliersConfig.MONSTER_HP_MULTIPLIER;
    [javac] 					                                      ^
    [javac] /home/fernando/L2J_Mobius/L2J_Mobius_C4_ScionsOfDestiny/java/org/l2jmobius/gameserver/model/actor/templates/NpcTemplate.java:213: warning: [lossy-conversions] implicit cast from double to float in compound assignment is possibly lossy
    [javac] 					_baseMpMax *= NpcStatMultipliersConfig.MONSTER_MP_MULTIPLIER;
    [javac] 					                                      ^
    [javac] /home/fernando/L2J_Mobius/L2J_Mobius_C4_ScionsOfDestiny/java/org/l2jmobius/gameserver/model/actor/templates/NpcTemplate.java:214: warning: [lossy-conversions] implicit cast from double to int in compound assignment is possibly lossy
    [javac] 					_basePAtk *= NpcStatMultipliersConfig.MONSTER_PATK_MULTIPLIER;
    [javac] 					                                     ^
    [javac] /home/fernando/L2J_Mobius/L2J_Mobius_C4_ScionsOfDestiny/java/org/l2jmobius/gameserver/model/actor/templates/NpcTemplate.java:215: warning: [lossy-conversions] implicit cast from double to int in compound assignment is possibly lossy
    [javac] 					_baseMAtk *= NpcStatMultipliersConfig.MONSTER_MATK_MULTIPLIER;
    [javac] 					                                     ^
    [javac] /home/fernando/L2J_Mobius/L2J_Mobius_C4_ScionsOfDestiny/java/org/l2jmobius/gameserver/model/actor/templates/NpcTemplate.java:216: warning: [lossy-conversions] implicit cast from double to int in compound assignment is possibly lossy
    [javac] 					_basePDef *= NpcStatMultipliersConfig.MONSTER_PDEF_MULTIPLIER;
    [javac] 					                                     ^
    [javac] /home/fernando/L2J_Mobius/L2J_Mobius_C4_ScionsOfDestiny/java/org/l2jmobius/gameserver/model/actor/templates/NpcTemplate.java:217: warning: [lossy-conversions] implicit cast from double to int in compound assignment is possibly lossy
    [javac] 					_baseMDef *= NpcStatMultipliersConfig.MONSTER_MDEF_MULTIPLIER;
    [javac] 					                                     ^
    [javac] /home/fernando/L2J_Mobius/L2J_Mobius_C4_ScionsOfDestiny/java/org/l2jmobius/gameserver/model/actor/templates/NpcTemplate.java:218: warning: [lossy-conversions] implicit cast from double to int in compound assignment is possibly lossy
    [javac] 					_aggroRange *= NpcStatMultipliersConfig.MONSTER_AGRRO_RANGE_MULTIPLIER;
    [javac] 					                                       ^
    [javac] /home/fernando/L2J_Mobius/L2J_Mobius_C4_ScionsOfDestiny/java/org/l2jmobius/gameserver/model/actor/templates/NpcTemplate.java:219: warning: [lossy-conversions] implicit cast from double to int in compound assignment is possibly lossy
    [javac] 					_clanHelpRange *= NpcStatMultipliersConfig.MONSTER_CLAN_HELP_RANGE_MULTIPLIER;
    [javac] 					                                          ^
    [javac] /home/fernando/L2J_Mobius/L2J_Mobius_C4_ScionsOfDestiny/java/org/l2jmobius/gameserver/model/actor/templates/NpcTemplate.java:225: warning: [lossy-conversions] implicit cast from double to float in compound assignment is possibly lossy
    [javac] 					_baseHpMax *= NpcStatMultipliersConfig.RAIDBOSS_HP_MULTIPLIER;
    [javac] 					                                      ^
    [javac] /home/fernando/L2J_Mobius/L2J_Mobius_C4_ScionsOfDestiny/java/org/l2jmobius/gameserver/model/actor/templates/NpcTemplate.java:226: warning: [lossy-conversions] implicit cast from double to float in compound assignment is possibly lossy
    [javac] 					_baseMpMax *= NpcStatMultipliersConfig.RAIDBOSS_MP_MULTIPLIER;
    [javac] 					                                      ^
    [javac] /home/fernando/L2J_Mobius/L2J_Mobius_C4_ScionsOfDestiny/java/org/l2jmobius/gameserver/model/actor/templates/NpcTemplate.java:227: warning: [lossy-conversions] implicit cast from double to int in compound assignment is possibly lossy
    [javac] 					_basePAtk *= NpcStatMultipliersConfig.RAIDBOSS_PATK_MULTIPLIER;
    [javac] 					                                     ^
    [javac] /home/fernando/L2J_Mobius/L2J_Mobius_C4_ScionsOfDestiny/java/org/l2jmobius/gameserver/model/actor/templates/NpcTemplate.java:228: warning: [lossy-conversions] implicit cast from double to int in compound assignment is possibly lossy
    [javac] 					_baseMAtk *= NpcStatMultipliersConfig.RAIDBOSS_MATK_MULTIPLIER;
    [javac] 					                                     ^
    [javac] /home/fernando/L2J_Mobius/L2J_Mobius_C4_ScionsOfDestiny/java/org/l2jmobius/gameserver/model/actor/templates/NpcTemplate.java:229: warning: [lossy-conversions] implicit cast from double to int in compound assignment is possibly lossy
    [javac] 					_basePDef *= NpcStatMultipliersConfig.RAIDBOSS_PDEF_MULTIPLIER;
    [javac] 					                                     ^
    [javac] /home/fernando/L2J_Mobius/L2J_Mobius_C4_ScionsOfDestiny/java/org/l2jmobius/gameserver/model/actor/templates/NpcTemplate.java:230: warning: [lossy-conversions] implicit cast from double to int in compound assignment is possibly lossy
    [javac] 					_baseMDef *= NpcStatMultipliersConfig.RAIDBOSS_MDEF_MULTIPLIER;
    [javac] 					                                     ^
    [javac] /home/fernando/L2J_Mobius/L2J_Mobius_C4_ScionsOfDestiny/java/org/l2jmobius/gameserver/model/actor/templates/NpcTemplate.java:231: warning: [lossy-conversions] implicit cast from double to int in compound assignment is possibly lossy
    [javac] 					_aggroRange *= NpcStatMultipliersConfig.RAIDBOSS_AGRRO_RANGE_MULTIPLIER;
    [javac] 					                                       ^
    [javac] /home/fernando/L2J_Mobius/L2J_Mobius_C4_ScionsOfDestiny/java/org/l2jmobius/gameserver/model/actor/templates/NpcTemplate.java:232: warning: [lossy-conversions] implicit cast from double to int in compound assignment is possibly lossy
    [javac] 					_clanHelpRange *= NpcStatMultipliersConfig.RAIDBOSS_CLAN_HELP_RANGE_MULTIPLIER;
    [javac] 					                                          ^
    [javac] /home/fernando/L2J_Mobius/L2J_Mobius_C4_ScionsOfDestiny/java/org/l2jmobius/gameserver/model/actor/templates/NpcTemplate.java:237: warning: [lossy-conversions] implicit cast from double to float in compound assignment is possibly lossy
    [javac] 					_baseHpMax *= NpcStatMultipliersConfig.GUARD_HP_MULTIPLIER;
    [javac] 					                                      ^
    [javac] /home/fernando/L2J_Mobius/L2J_Mobius_C4_ScionsOfDestiny/java/org/l2jmobius/gameserver/model/actor/templates/NpcTemplate.java:238: warning: [lossy-conversions] implicit cast from double to float in compound assignment is possibly lossy
    [javac] 					_baseMpMax *= NpcStatMultipliersConfig.GUARD_MP_MULTIPLIER;
    [javac] 					                                      ^
    [javac] /home/fernando/L2J_Mobius/L2J_Mobius_C4_ScionsOfDestiny/java/org/l2jmobius/gameserver/model/actor/templates/NpcTemplate.java:239: warning: [lossy-conversions] implicit cast from double to int in compound assignment is possibly lossy
    [javac] 					_basePAtk *= NpcStatMultipliersConfig.GUARD_PATK_MULTIPLIER;
    [javac] 					                                     ^
    [javac] /home/fernando/L2J_Mobius/L2J_Mobius_C4_ScionsOfDestiny/java/org/l2jmobius/gameserver/model/actor/templates/NpcTemplate.java:240: warning: [lossy-conversions] implicit cast from double to int in compound assignment is possibly lossy
    [javac] 					_baseMAtk *= NpcStatMultipliersConfig.GUARD_MATK_MULTIPLIER;
    [javac] 					                                     ^
    [javac] /home/fernando/L2J_Mobius/L2J_Mobius_C4_ScionsOfDestiny/java/org/l2jmobius/gameserver/model/actor/templates/NpcTemplate.java:241: warning: [lossy-conversions] implicit cast from double to int in compound assignment is possibly lossy
    [javac] 					_basePDef *= NpcStatMultipliersConfig.GUARD_PDEF_MULTIPLIER;
    [javac] 					                                     ^
    [javac] /home/fernando/L2J_Mobius/L2J_Mobius_C4_ScionsOfDestiny/java/org/l2jmobius/gameserver/model/actor/templates/NpcTemplate.java:242: warning: [lossy-conversions] implicit cast from double to int in compound assignment is possibly lossy
    [javac] 					_baseMDef *= NpcStatMultipliersConfig.GUARD_MDEF_MULTIPLIER;
    [javac] 					                                     ^
    [javac] /home/fernando/L2J_Mobius/L2J_Mobius_C4_ScionsOfDestiny/java/org/l2jmobius/gameserver/model/actor/templates/NpcTemplate.java:243: warning: [lossy-conversions] implicit cast from double to int in compound assignment is possibly lossy
    [javac] 					_aggroRange *= NpcStatMultipliersConfig.GUARD_AGRRO_RANGE_MULTIPLIER;
    [javac] 					                                       ^
    [javac] /home/fernando/L2J_Mobius/L2J_Mobius_C4_ScionsOfDestiny/java/org/l2jmobius/gameserver/model/actor/templates/NpcTemplate.java:244: warning: [lossy-conversions] implicit cast from double to int in compound assignment is possibly lossy
    [javac] 					_clanHelpRange *= NpcStatMultipliersConfig.GUARD_CLAN_HELP_RANGE_MULTIPLIER;
    [javac] 					                                          ^
    [javac] /home/fernando/L2J_Mobius/L2J_Mobius_C4_ScionsOfDestiny/java/org/l2jmobius/gameserver/model/actor/templates/NpcTemplate.java:249: warning: [lossy-conversions] implicit cast from double to float in compound assignment is possibly lossy
    [javac] 					_baseHpMax *= NpcStatMultipliersConfig.DEFENDER_HP_MULTIPLIER;
    [javac] 					                                      ^
    [javac] /home/fernando/L2J_Mobius/L2J_Mobius_C4_ScionsOfDestiny/java/org/l2jmobius/gameserver/model/actor/templates/NpcTemplate.java:250: warning: [lossy-conversions] implicit cast from double to float in compound assignment is possibly lossy
    [javac] 					_baseMpMax *= NpcStatMultipliersConfig.DEFENDER_MP_MULTIPLIER;
    [javac] 					                                      ^
    [javac] /home/fernando/L2J_Mobius/L2J_Mobius_C4_ScionsOfDestiny/java/org/l2jmobius/gameserver/model/actor/templates/NpcTemplate.java:251: warning: [lossy-conversions] implicit cast from double to int in compound assignment is possibly lossy
    [javac] 					_basePAtk *= NpcStatMultipliersConfig.DEFENDER_PATK_MULTIPLIER;
    [javac] 					                                     ^
    [javac] /home/fernando/L2J_Mobius/L2J_Mobius_C4_ScionsOfDestiny/java/org/l2jmobius/gameserver/model/actor/templates/NpcTemplate.java:252: warning: [lossy-conversions] implicit cast from double to int in compound assignment is possibly lossy
    [javac] 					_baseMAtk *= NpcStatMultipliersConfig.DEFENDER_MATK_MULTIPLIER;
    [javac] 					                                     ^
    [javac] /home/fernando/L2J_Mobius/L2J_Mobius_C4_ScionsOfDestiny/java/org/l2jmobius/gameserver/model/actor/templates/NpcTemplate.java:253: warning: [lossy-conversions] implicit cast from double to int in compound assignment is possibly lossy
    [javac] 					_basePDef *= NpcStatMultipliersConfig.DEFENDER_PDEF_MULTIPLIER;
    [javac] 					                                     ^
    [javac] /home/fernando/L2J_Mobius/L2J_Mobius_C4_ScionsOfDestiny/java/org/l2jmobius/gameserver/model/actor/templates/NpcTemplate.java:254: warning: [lossy-conversions] implicit cast from double to int in compound assignment is possibly lossy
    [javac] 					_baseMDef *= NpcStatMultipliersConfig.DEFENDER_MDEF_MULTIPLIER;
    [javac] 					                                     ^
    [javac] /home/fernando/L2J_Mobius/L2J_Mobius_C4_ScionsOfDestiny/java/org/l2jmobius/gameserver/model/actor/templates/NpcTemplate.java:255: warning: [lossy-conversions] implicit cast from double to int in compound assignment is possibly lossy
    [javac] 					_aggroRange *= NpcStatMultipliersConfig.DEFENDER_AGRRO_RANGE_MULTIPLIER;
    [javac] 					                                       ^
    [javac] /home/fernando/L2J_Mobius/L2J_Mobius_C4_ScionsOfDestiny/java/org/l2jmobius/gameserver/model/actor/templates/NpcTemplate.java:256: warning: [lossy-conversions] implicit cast from double to int in compound assignment is possibly lossy
    [javac] 					_clanHelpRange *= NpcStatMultipliersConfig.DEFENDER_CLAN_HELP_RANGE_MULTIPLIER;
    [javac] 					                                          ^
    [javac] /home/fernando/L2J_Mobius/L2J_Mobius_C4_ScionsOfDestiny/java/org/l2jmobius/gameserver/model/actor/templates/CreatureTemplate.java:91: warning: [this-escape] possible 'this' escape before subclass is fully initialized
    [javac] 		set(set);
    [javac] 		   ^
    [javac] /home/fernando/L2J_Mobius/L2J_Mobius_C4_ScionsOfDestiny/java/org/l2jmobius/gameserver/model/itemcontainer/Inventory.java:686: warning: [this-escape] possible 'this' escape before subclass is fully initialized
    [javac] 			addPaperdollListener(ArmorSetListener.getInstance());
    [javac] 			                    ^
    [javac] /home/fernando/L2J_Mobius/L2J_Mobius_C4_ScionsOfDestiny/java/org/l2jmobius/gameserver/model/item/instance/Item.java:166: warning: [this-escape] possible 'this' escape before subclass is fully initialized
    [javac] 		setInstanceType(InstanceType.Item);
    [javac] 		               ^
    [javac] /home/fernando/L2J_Mobius/L2J_Mobius_C4_ScionsOfDestiny/java/org/l2jmobius/gameserver/model/item/instance/Item.java:194: warning: [this-escape] possible 'this' escape before subclass is fully initialized
    [javac] 		setInstanceType(InstanceType.Item);
    [javac] 		               ^
    [javac] /home/fernando/L2J_Mobius/L2J_Mobius_C4_ScionsOfDestiny/java/org/l2jmobius/gameserver/model/item/ItemTemplate.java:129: warning: [this-escape] possible 'this' escape before subclass is fully initialized
    [javac] 		set(set);
    [javac] 		   ^
    [javac] /home/fernando/L2J_Mobius/L2J_Mobius_C4_ScionsOfDestiny/java/org/l2jmobius/gameserver/model/actor/instance/Cubic.java:118: warning: [this-escape] possible 'this' escape before subclass is fully initialized
    [javac] 				doAction();
    [javac] 				        ^
    [javac] /home/fernando/L2J_Mobius/L2J_Mobius_C4_ScionsOfDestiny/java/org/l2jmobius/gameserver/model/variables/ItemVariables.java:63: warning: [this-escape] possible 'this' escape before subclass is fully initialized
    [javac] 		restoreMe();
    [javac] 		         ^
    [javac] /home/fernando/L2J_Mobius/L2J_Mobius_C4_ScionsOfDestiny/java/org/l2jmobius/gameserver/model/actor/instance/Pet.java:126: warning: [this-escape] possible 'this' escape before subclass is fully initialized
    [javac] 		setInstanceType(InstanceType.Pet);
    [javac] 		               ^
    [javac] /home/fernando/L2J_Mobius/L2J_Mobius_C4_ScionsOfDestiny/java/org/l2jmobius/gameserver/model/itemcontainer/PetInventory.java:98: warning: [lossy-conversions] implicit cast from long to int in compound assignment is possibly lossy
    [javac] 		weight += count * template.getWeight();
    [javac] 		                ^
    [javac] /home/fernando/L2J_Mobius/L2J_Mobius_C4_ScionsOfDestiny/java/org/l2jmobius/gameserver/model/actor/stat/CreatureStat.java:290: warning: [lossy-conversions] implicit cast from double to float in compound assignment is possibly lossy
    [javac] 			bonusAtk *= NpcConfig.RAID_MATTACK_MULTIPLIER;
    [javac] 			                     ^
    [javac] /home/fernando/L2J_Mobius/L2J_Mobius_C4_ScionsOfDestiny/java/org/l2jmobius/gameserver/model/actor/stat/CreatureStat.java:331: warning: [lossy-conversions] implicit cast from float to int in compound assignment is possibly lossy
    [javac] 				val *= ClassBalanceConfig.PVP_MAGICAL_SKILL_CRITICAL_CHANCE_MULTIPLIERS[_creature.asPlayer().getPlayerClass().getId()];
    [javac] 				                                                                       ^
    [javac] /home/fernando/L2J_Mobius/L2J_Mobius_C4_ScionsOfDestiny/java/org/l2jmobius/gameserver/model/actor/stat/CreatureStat.java:335: warning: [lossy-conversions] implicit cast from float to int in compound assignment is possibly lossy
    [javac] 				val *= ClassBalanceConfig.PVE_MAGICAL_SKILL_CRITICAL_CHANCE_MULTIPLIERS[_creature.asPlayer().getPlayerClass().getId()];
    [javac] 				                                                                       ^
    [javac] /home/fernando/L2J_Mobius/L2J_Mobius_C4_ScionsOfDestiny/java/org/l2jmobius/gameserver/model/actor/stat/CreatureStat.java:549: warning: [lossy-conversions] implicit cast from double to float in compound assignment is possibly lossy
    [javac] 			bonusAtk *= NpcConfig.RAID_PATTACK_MULTIPLIER;
    [javac] 			                     ^
    [javac] /home/fernando/L2J_Mobius/L2J_Mobius_C4_ScionsOfDestiny/java/org/l2jmobius/gameserver/model/groups/CommandChannel.java:53: warning: [this-escape] possible 'this' escape before subclass is fully initialized
    [javac] 		party.setCommandChannel(this);
    [javac] 		                        ^
    [javac] /home/fernando/L2J_Mobius/L2J_Mobius_C4_ScionsOfDestiny/java/org/l2jmobius/gameserver/model/DimensionalRift.java:73: warning: [this-escape] possible 'this' escape before subclass is fully initialized
    [javac] 		final Location coords = getRoomCoord(room);
    [javac] 		                                    ^
    [javac] /home/fernando/L2J_Mobius/L2J_Mobius_C4_ScionsOfDestiny/java/org/l2jmobius/gameserver/network/serverpackets/PartyMemberPosition.java:39: warning: [this-escape] possible 'this' escape before subclass is fully initialized
    [javac] 		reuse(party);
    [javac] 		     ^
    [javac] /home/fernando/L2J_Mobius/L2J_Mobius_C4_ScionsOfDestiny/java/org/l2jmobius/gameserver/model/actor/Attackable.java:565: warning: [lossy-conversions] implicit cast from float to long in compound assignment is possibly lossy
    [javac] 									addExp *= PremiumSystemConfig.PREMIUM_RATE_XP;
    [javac] 									                             ^
    [javac] /home/fernando/L2J_Mobius/L2J_Mobius_C4_ScionsOfDestiny/java/org/l2jmobius/gameserver/model/actor/Attackable.java:566: warning: [lossy-conversions] implicit cast from float to int in compound assignment is possibly lossy
    [javac] 									addSp *= PremiumSystemConfig.PREMIUM_RATE_SP;
    [javac] 									                            ^
    [javac] /home/fernando/L2J_Mobius/L2J_Mobius_C4_ScionsOfDestiny/java/org/l2jmobius/gameserver/model/actor/Attackable.java:129: warning: [this-escape] possible 'this' escape before subclass is fully initialized
    [javac] 		setInstanceType(InstanceType.Attackable);
    [javac] 		               ^
    [javac] /home/fernando/L2J_Mobius/L2J_Mobius_C4_ScionsOfDestiny/java/org/l2jmobius/gameserver/model/script/QuestTimer.java:48: warning: [this-escape] possible 'this' escape before subclass is fully initialized
    [javac] 			_scheduler = ThreadPool.scheduleAtFixedRate(new ScheduleTimerTask(), time, time); // Prepare auto end task
    [javac] 			                                            ^
    [javac] /home/fernando/L2J_Mobius/L2J_Mobius_C4_ScionsOfDestiny/java/org/l2jmobius/gameserver/model/script/timers/TimerHolder.java:59: warning: [this-escape] possible 'this' escape before subclass is fully initialized
    [javac] 		_task = isRepeating ? ThreadPool.scheduleAtFixedRate(this, _time, _time) : ThreadPool.schedule(this, _time);
    [javac] 		                                                     ^
    [javac] /home/fernando/L2J_Mobius/L2J_Mobius_C4_ScionsOfDestiny/java/org/l2jmobius/gameserver/model/siege/Castle.java:341: warning: [lossy-conversions] implicit cast from long to int in compound assignment is possibly lossy
    [javac] 			_treasury -= amount;
    [javac] 			             ^
    [javac] /home/fernando/L2J_Mobius/L2J_Mobius_C4_ScionsOfDestiny/java/org/l2jmobius/gameserver/model/siege/Castle.java:349: warning: [lossy-conversions] implicit cast from long to int in compound assignment is possibly lossy
    [javac] 			_treasury += amount;
    [javac] 			             ^
    [javac] /home/fernando/L2J_Mobius/L2J_Mobius_C4_ScionsOfDestiny/java/org/l2jmobius/gameserver/model/siege/Castle.java:241: warning: [this-escape] possible 'this' escape before subclass is fully initialized
    [javac] 		load();
    [javac] 		    ^
    [javac] /home/fernando/L2J_Mobius/L2J_Mobius_C4_ScionsOfDestiny/java/org/l2jmobius/gameserver/model/siege/clanhalls/SiegableHall.java:74: warning: [this-escape] possible 'this' escape before subclass is fully initialized
    [javac] 					LOGGER.warning("SiegableHall - " + getName() + ": Wrong schedule_config parameters!");
    [javac] 					                                          ^
    [javac] /home/fernando/L2J_Mobius/L2J_Mobius_C4_ScionsOfDestiny/java/org/l2jmobius/gameserver/model/residences/ClanHall.java:230: warning: [this-escape] possible 'this' escape before subclass is fully initialized
    [javac] 			free();
    [javac] 			    ^
    [javac] /home/fernando/L2J_Mobius/L2J_Mobius_C4_ScionsOfDestiny/java/org/l2jmobius/gameserver/model/zone/type/SiegeZone.java:51: warning: [this-escape] possible 'this' escape before subclass is fully initialized
    [javac] 		AbstractZoneSettings settings = ZoneManager.getSettings(getName());
    [javac] 		                                                               ^
    [javac] /home/fernando/L2J_Mobius/L2J_Mobius_C4_ScionsOfDestiny/java/org/l2jmobius/gameserver/model/script/Quest.java:3237: warning: [overloads] setNpcCanBeSeenId(Function<OnNpcCanBeSeen,TerminateReturn>,Collection<Integer>) in Quest is potentially ambiguous with setNpcCanBeSeenId(Consumer<OnNpcCanBeSeen>,Collection<Integer>) in Quest
    [javac] 	protected final List<AbstractEventListener> setNpcCanBeSeenId(Function<OnNpcCanBeSeen, TerminateReturn> callback, Collection<Integer> npcIds)
    [javac] 	                                            ^
    [javac] /home/fernando/L2J_Mobius/L2J_Mobius_C4_ScionsOfDestiny/java/org/l2jmobius/gameserver/model/script/Quest.java:3226: warning: [overloads] setNpcCanBeSeenId(Function<OnNpcCanBeSeen,TerminateReturn>,int...) in Quest is potentially ambiguous with setNpcCanBeSeenId(Consumer<OnNpcCanBeSeen>,int...) in Quest
    [javac] 	protected final List<AbstractEventListener> setNpcCanBeSeenId(Function<OnNpcCanBeSeen, TerminateReturn> callback, int... npcIds)
    [javac] 	                                            ^
    [javac] /home/fernando/L2J_Mobius/L2J_Mobius_C4_ScionsOfDestiny/java/org/l2jmobius/gameserver/model/script/Quest.java:4038: warning: [dangling-doc-comments] documentation comment is not attached to any declaration
    [javac] 	/**
    [javac] 	^
    [javac] /home/fernando/L2J_Mobius/L2J_Mobius_C4_ScionsOfDestiny/java/org/l2jmobius/gameserver/model/script/Quest.java:4654: warning: [lossy-conversions] implicit cast from float to int in compound assignment is possibly lossy
    [javac] 				count *= RatesConfig.RATE_QUEST_REWARD_ADENA;
    [javac] 				                    ^
    [javac] /home/fernando/L2J_Mobius/L2J_Mobius_C4_ScionsOfDestiny/java/org/l2jmobius/gameserver/model/script/Quest.java:4664: warning: [lossy-conversions] implicit cast from float to int in compound assignment is possibly lossy
    [javac] 							count *= RatesConfig.RATE_QUEST_REWARD_POTION;
    [javac] 							                    ^
    [javac] /home/fernando/L2J_Mobius/L2J_Mobius_C4_ScionsOfDestiny/java/org/l2jmobius/gameserver/model/script/Quest.java:4671: warning: [lossy-conversions] implicit cast from float to int in compound assignment is possibly lossy
    [javac] 							count *= RatesConfig.RATE_QUEST_REWARD_SCROLL;
    [javac] 							                    ^
    [javac] /home/fernando/L2J_Mobius/L2J_Mobius_C4_ScionsOfDestiny/java/org/l2jmobius/gameserver/model/script/Quest.java:4676: warning: [lossy-conversions] implicit cast from float to int in compound assignment is possibly lossy
    [javac] 							count *= RatesConfig.RATE_QUEST_REWARD_RECIPE;
    [javac] 							                    ^
    [javac] /home/fernando/L2J_Mobius/L2J_Mobius_C4_ScionsOfDestiny/java/org/l2jmobius/gameserver/model/script/Quest.java:4681: warning: [lossy-conversions] implicit cast from float to int in compound assignment is possibly lossy
    [javac] 							count *= RatesConfig.RATE_QUEST_REWARD_MATERIAL;
    [javac] 							                    ^
    [javac] /home/fernando/L2J_Mobius/L2J_Mobius_C4_ScionsOfDestiny/java/org/l2jmobius/gameserver/model/script/Quest.java:4686: warning: [lossy-conversions] implicit cast from float to int in compound assignment is possibly lossy
    [javac] 							count *= RatesConfig.RATE_QUEST_REWARD;
    [javac] 							                    ^
    [javac] /home/fernando/L2J_Mobius/L2J_Mobius_C4_ScionsOfDestiny/java/org/l2jmobius/gameserver/model/script/Quest.java:4693: warning: [lossy-conversions] implicit cast from float to int in compound assignment is possibly lossy
    [javac] 				count *= RatesConfig.RATE_QUEST_REWARD;
    [javac] 				                    ^
    [javac] /home/fernando/L2J_Mobius/L2J_Mobius_C4_ScionsOfDestiny/java/org/l2jmobius/gameserver/model/script/Quest.java:4875: warning: [lossy-conversions] implicit cast from float to int in compound assignment is possibly lossy
    [javac] 				minAmountWithBonus *= ChampionMonstersConfig.CHAMPION_ADENAS_REWARDS_AMOUNT;
    [javac] 				                                            ^
    [javac] /home/fernando/L2J_Mobius/L2J_Mobius_C4_ScionsOfDestiny/java/org/l2jmobius/gameserver/model/script/Quest.java:4876: warning: [lossy-conversions] implicit cast from float to int in compound assignment is possibly lossy
    [javac] 				maxAmountWithBonus *= ChampionMonstersConfig.CHAMPION_ADENAS_REWARDS_AMOUNT;
    [javac] 				                                            ^
    [javac] /home/fernando/L2J_Mobius/L2J_Mobius_C4_ScionsOfDestiny/java/org/l2jmobius/gameserver/model/script/Quest.java:4881: warning: [lossy-conversions] implicit cast from float to int in compound assignment is possibly lossy
    [javac] 				minAmountWithBonus *= ChampionMonstersConfig.CHAMPION_REWARDS_AMOUNT;
    [javac] 				                                            ^
    [javac] /home/fernando/L2J_Mobius/L2J_Mobius_C4_ScionsOfDestiny/java/org/l2jmobius/gameserver/model/script/Quest.java:4882: warning: [lossy-conversions] implicit cast from float to int in compound assignment is possibly lossy
    [javac] 				maxAmountWithBonus *= ChampionMonstersConfig.CHAMPION_REWARDS_AMOUNT;
    [javac] 				                                            ^
    [javac] 100 warnings
    [javac] only showing the first 100 warnings, of 337 total; use -Xmaxwarns if you would like to see more

BUILD SUCCESSFUL
Total time: 8 seconds
